#
# There is insufficient memory for the Java Runtime Environment to continue.
# Native memory allocation (malloc) failed to allocate 321936 bytes for Chunk::new
# Possible reasons:
#   The system is out of physical RAM or swap space
#   In 32 bit mode, the process size limit was hit
# Possible solutions:
#   Reduce memory load on the system
#   Increase physical memory or swap space
#   Check if swap backing store is full
#   Use 64 bit Java on a 64 bit OS
#   Decrease Java heap size (-Xmx/-Xms)
#   Decrease number of Java threads
#   Decrease Java thread stack sizes (-Xss)
#   Set larger code cache with -XX:ReservedCodeCacheSize=
# This output file may be truncated or incomplete.
#
#  Out of Memory Error (allocation.cpp:390), pid=18792, tid=0x0000000000003180
#
# JRE version: Java(TM) SE Runtime Environment (8.0_171-b11) (build 1.8.0_171-b11)
# Java VM: Java HotSpot(TM) 64-Bit Server VM (25.171-b11 mixed mode windows-amd64 compressed oops)
# Failed to write core dump. Minidumps are not enabled by default on client versions of Windows
#

---------------  T H R E A D  ---------------

Current thread (0x0000000019357800):  JavaThread "C2 CompilerThread0" daemon [_thread_in_native, id=12672, stack(0x000000001aca0000,0x000000001ada0000)]

Stack: [0x000000001aca0000,0x000000001ada0000]
[error occurred during error reporting (printing stack bounds), id 0xc0000005]

Native frames: (J=compiled Java code, j=interpreted, Vv=VM code, C=native code)


Current CompileTask:
C2:   8300  482   !   4       java.util.jar.Attributes::read (380 bytes)


---------------  P R O C E S S  ---------------

Java Threads: ( => current thread )
  0x000000001a711800 JavaThread "Service Thread" daemon [_thread_blocked, id=10556, stack(0x000000001afa0000,0x000000001b0a0000)]
  0x000000001939d800 JavaThread "C1 CompilerThread2" daemon [_thread_blocked, id=9980, stack(0x000000001aea0000,0x000000001afa0000)]
  0x000000001935a800 JavaThread "C2 CompilerThread1" daemon [_thread_in_native, id=6784, stack(0x000000001ada0000,0x000000001aea0000)]
=>0x0000000019357800 JavaThread "C2 CompilerThread0" daemon [_thread_in_native, id=12672, stack(0x000000001aca0000,0x000000001ada0000)]
  0x0000000019356800 JavaThread "Attach Listener" daemon [_thread_blocked, id=18672, stack(0x000000001aba0000,0x000000001aca0000)]
  0x000000001a6e3800 JavaThread "Signal Dispatcher" daemon [_thread_blocked, id=9368, stack(0x000000001aaa0000,0x000000001aba0000)]
  0x000000001932a800 JavaThread "Finalizer" daemon [_thread_blocked, id=4796, stack(0x000000001a5a0000,0x000000001a6a0000)]
  0x0000000004800800 JavaThread "Reference Handler" daemon [_thread_blocked, id=14084, stack(0x000000001a4a0000,0x000000001a5a0000)]
  0x000000000460e000 JavaThread "main" [_thread_blocked, id=14244, stack(0x0000000004610000,0x0000000004710000)]

Other Threads:
  0x0000000019308000 VMThread [stack: 0x000000001a3a0000,0x000000001a4a0000] [id=2980]
  0x000000001a74a800 WatcherThread [stack: 0x000000001b0a0000,0x000000001b1a0000] [id=16076]

VM state:at safepoint (normal execution)

VM Mutex/Monitor currently owned by a thread:  ([mutex/lock_event])
[0x000000000460d2b0] Threads_lock - owner thread: 0x0000000019308000
[0x000000000460cfb0] Heap_lock - owner thread: 0x000000000460e000

Heap:
 PSYoungGen      total 38400K, used 3098K [0x00000000d5f00000, 0x00000000d8980000, 0x0000000100000000)
  eden space 33280K, 0% used [0x00000000d5f00000,0x00000000d5f00000,0x00000000d7f80000)
  from space 5120K, 60% used [0x00000000d7f80000,0x00000000d8286b28,0x00000000d8480000)
  to   space 5120K, 0% used [0x00000000d8480000,0x00000000d8480000,0x00000000d8980000)
 ParOldGen       total 87552K, used 8K [0x0000000081c00000, 0x0000000087180000, 0x00000000d5f00000)
  object space 87552K, 0% used [0x0000000081c00000,0x0000000081c02000,0x0000000087180000)
 Metaspace       used 7399K, capacity 7474K, committed 7552K, reserved 1060864K
  class space    used 818K, capacity 827K, committed 896K, reserved 1048576K

Card table byte_map: [0x0000000013bd0000,0x0000000013fd0000] byte_map_base: 0x00000000137c2000

Marking Bits: (ParMarkBitMap*) 0x0000000058d008c0
 Begin Bits: [0x0000000014680000, 0x0000000016610000)
 End Bits:   [0x0000000016610000, 0x00000000185a0000)

Polling page: 0x00000000001d0000

CodeCache: size=245760Kb used=2250Kb max_used=2250Kb free=243509Kb
 bounds [0x0000000004810000, 0x0000000004a80000, 0x0000000013810000]
 total_blobs=845 nmethods=519 adapters=239
 compilation: enabled

Compilation events (10 events):
Event: 8.288 Thread 0x000000001939d800  519       3       java.util.Properties::loadConvert (505 bytes)
Event: 8.289 Thread 0x000000001939d800 nmethod 519 0x0000000004a40290 code [0x0000000004a40480, 0x0000000004a40d98]
Event: 8.289 Thread 0x000000001939d800  520       1       java.util.Hashtable::access$500 (5 bytes)
Event: 8.289 Thread 0x000000001939d800 nmethod 520 0x0000000004a3ba10 code [0x0000000004a3bb60, 0x0000000004a3bc50]
Event: 8.291 Thread 0x000000001939d800  521       3       java.lang.Byte::<init> (10 bytes)
Event: 8.291 Thread 0x000000001939d800 nmethod 521 0x0000000004a3fe50 code [0x0000000004a3ffc0, 0x0000000004a401d0]
Event: 8.291 Thread 0x000000001939d800  522       3       java.lang.Short::<init> (10 bytes)
Event: 8.292 Thread 0x000000001939d800 nmethod 522 0x0000000004a43650 code [0x0000000004a437c0, 0x0000000004a439d0]
Event: 8.292 Thread 0x000000001939d800  523       3       java.lang.Long::<init> (10 bytes)
Event: 8.292 Thread 0x000000001939d800 nmethod 523 0x0000000004a43a90 code [0x0000000004a43c00, 0x0000000004a43e10]

GC Heap History (1 events):
Event: 8.293 GC heap before
{Heap before GC invocations=1 (full 0):
 PSYoungGen      total 38400K, used 10764K [0x00000000d5f00000, 0x00000000d8980000, 0x0000000100000000)
  eden space 33280K, 32% used [0x00000000d5f00000,0x00000000d6983178,0x00000000d7f80000)
  from space 5120K, 0% used [0x00000000d8480000,0x00000000d8480000,0x00000000d8980000)
  to   space 5120K, 0% used [0x00000000d7f80000,0x00000000d7f80000,0x00000000d8480000)
 ParOldGen       total 87552K, used 0K [0x0000000081c00000, 0x0000000087180000, 0x00000000d5f00000)
  object space 87552K, 0% used [0x0000000081c00000,0x0000000081c00000,0x0000000087180000)
 Metaspace       used 7399K, capacity 7474K, committed 7552K, reserved 1060864K
  class space    used 818K, capacity 827K, committed 896K, reserved 1048576K

Deoptimization events (7 events):
Event: 7.839 Thread 0x000000000460e000 Uncommon trap: reason=class_check action=maybe_recompile pc=0x00000000049b5e68 method=java.util.HashMap.putVal(ILjava/lang/Object;Ljava/lang/Object;ZZ)Ljava/lang/Object; @ 253
Event: 7.839 Thread 0x000000000460e000 Uncommon trap: reason=class_check action=maybe_recompile pc=0x00000000049b5e68 method=java.util.HashMap.putVal(ILjava/lang/Object;Ljava/lang/Object;ZZ)Ljava/lang/Object; @ 253
Event: 7.839 Thread 0x000000000460e000 Uncommon trap: reason=class_check action=maybe_recompile pc=0x00000000049b5e68 method=java.util.HashMap.putVal(ILjava/lang/Object;Ljava/lang/Object;ZZ)Ljava/lang/Object; @ 253
Event: 7.839 Thread 0x000000000460e000 Uncommon trap: reason=class_check action=maybe_recompile pc=0x00000000049b5e68 method=java.util.HashMap.putVal(ILjava/lang/Object;Ljava/lang/Object;ZZ)Ljava/lang/Object; @ 253
Event: 8.244 Thread 0x000000000460e000 Uncommon trap: reason=class_check action=maybe_recompile pc=0x0000000004a0e1ec method=java.util.regex.Pattern$BmpCharProperty.match(Ljava/util/regex/Matcher;ILjava/lang/CharSequence;)Z @ 31
Event: 8.244 Thread 0x000000000460e000 Uncommon trap: reason=unstable_if action=reinterpret pc=0x0000000004a0e138 method=java.util.regex.Pattern$BmpCharProperty.match(Ljava/util/regex/Matcher;ILjava/lang/CharSequence;)Z @ 5
Event: 8.250 Thread 0x000000000460e000 Uncommon trap: reason=unstable_if action=reinterpret pc=0x00000000049b2714 method=java.math.BigInteger.addOne([IIII)I @ 55

Classes redefined (0 events):
No events

Internal exceptions (2 events):
Event: 0.051 Thread 0x000000000460e000 Exception <a 'java/lang/NoSuchMethodError': Method sun.misc.Unsafe.defineClass(Ljava/lang/String;[BII)Ljava/lang/Class; name or signature does not match> (0x00000000d5f07cb0) thrown at [C:\re\workspace\8-2-build-windows-amd64-cygwin\jdk8u171\10807\hotspot
Event: 0.051 Thread 0x000000000460e000 Exception <a 'java/lang/NoSuchMethodError': Method sun.misc.Unsafe.prefetchRead(Ljava/lang/Object;J)V name or signature does not match> (0x00000000d5f07f98) thrown at [C:\re\workspace\8-2-build-windows-amd64-cygwin\jdk8u171\10807\hotspot\src\share\vm\prim

Events (10 events):
Event: 8.291 loading class java/lang/Short$ShortCache
Event: 8.291 loading class java/lang/Short$ShortCache done
Event: 8.291 loading class java/lang/Character$CharacterCache
Event: 8.291 loading class java/lang/Character$CharacterCache done
Event: 8.292 loading class java/lang/Long$LongCache
Event: 8.292 loading class java/lang/Long$LongCache done
Event: 8.292 loading class sun/invoke/util/VerifyAccess
Event: 8.293 loading class sun/invoke/util/VerifyAccess done
Event: 8.293 loading class sun/invoke/util/ValueConversions
Event: 8.293 Executing VM operation: CollectForMetadataAllocation


Dynamic libraries:
0x00007ff743f40000 - 0x00007ff743f77000 	C:\Program Files\Java\jre1.8.0_171\bin\javaw.exe
0x00007fff71040000 - 0x00007fff71220000 	C:\WINDOWS\SYSTEM32\ntdll.dll
0x00007fff70400000 - 0x00007fff704ae000 	C:\WINDOWS\System32\KERNEL32.DLL
0x00007fff6d8b0000 - 0x00007fff6db16000 	C:\WINDOWS\System32\KERNELBASE.dll
0x00007fff705b0000 - 0x00007fff70651000 	C:\WINDOWS\System32\ADVAPI32.dll
0x00007fff6e520000 - 0x00007fff6e5bd000 	C:\WINDOWS\System32\msvcrt.dll
0x00007fff707d0000 - 0x00007fff7082b000 	C:\WINDOWS\System32\sechost.dll
0x00007fff70ef0000 - 0x00007fff7100f000 	C:\WINDOWS\System32\RPCRT4.dll
0x00007fff70130000 - 0x00007fff702bf000 	C:\WINDOWS\System32\USER32.dll
0x00007fff6e4f0000 - 0x00007fff6e510000 	C:\WINDOWS\System32\win32u.dll
0x00007fff703d0000 - 0x00007fff703f8000 	C:\WINDOWS\System32\GDI32.dll
0x00007fff6e270000 - 0x00007fff6e403000 	C:\WINDOWS\System32\gdi32full.dll
0x00007fff6d810000 - 0x00007fff6d8ab000 	C:\WINDOWS\System32\msvcp_win.dll
0x00007fff6d710000 - 0x00007fff6d805000 	C:\WINDOWS\System32\ucrtbase.dll
0x00007fff62d40000 - 0x00007fff62fa9000 	C:\WINDOWS\WinSxS\amd64_microsoft.windows.common-controls_6595b64144ccf1df_6.0.16299.547_none_15cdd76c936033f5\COMCTL32.dll
0x00007fff70830000 - 0x00007fff70b37000 	C:\WINDOWS\System32\combase.dll
0x00007fff6e470000 - 0x00007fff6e4e2000 	C:\WINDOWS\System32\bcryptPrimitives.dll
0x00007fff6e5c0000 - 0x00007fff6e5ed000 	C:\WINDOWS\System32\IMM32.DLL
0x0000000059990000 - 0x0000000059a62000 	C:\Program Files\Java\jre1.8.0_171\bin\msvcr100.dll
0x00000000584e0000 - 0x0000000058d80000 	C:\Program Files\Java\jre1.8.0_171\bin\server\jvm.dll
0x00007fff6ffb0000 - 0x00007fff6ffb8000 	C:\WINDOWS\System32\PSAPI.DLL
0x00007fff68d60000 - 0x00007fff68d69000 	C:\WINDOWS\SYSTEM32\WSOCK32.dll
0x00007fff65810000 - 0x00007fff6581a000 	C:\WINDOWS\SYSTEM32\VERSION.dll
0x00007fff69f90000 - 0x00007fff69fb3000 	C:\WINDOWS\SYSTEM32\WINMM.dll
0x00007fff70360000 - 0x00007fff703cc000 	C:\WINDOWS\System32\WS2_32.dll
0x00007fff69f30000 - 0x00007fff69f5a000 	C:\WINDOWS\SYSTEM32\WINMMBASE.dll
0x00007fff6d440000 - 0x00007fff6d48a000 	C:\WINDOWS\System32\cfgmgr32.dll
0x0000000059c20000 - 0x0000000059c2f000 	C:\Program Files\Java\jre1.8.0_171\bin\verify.dll
0x0000000059bf0000 - 0x0000000059c19000 	C:\Program Files\Java\jre1.8.0_171\bin\java.dll
0x0000000059bd0000 - 0x0000000059be6000 	C:\Program Files\Java\jre1.8.0_171\bin\zip.dll
0x00007fff6eb70000 - 0x00007fff6ffa8000 	C:\WINDOWS\System32\SHELL32.dll
0x00007fff6eac0000 - 0x00007fff6eb66000 	C:\WINDOWS\System32\shcore.dll
0x00007fff6db20000 - 0x00007fff6e267000 	C:\WINDOWS\System32\windows.storage.dll
0x00007fff70ce0000 - 0x00007fff70d31000 	C:\WINDOWS\System32\shlwapi.dll
0x00007fff6d400000 - 0x00007fff6d411000 	C:\WINDOWS\System32\kernel.appcore.dll
0x00007fff6d3b0000 - 0x00007fff6d3fc000 	C:\WINDOWS\System32\powrprof.dll
0x00007fff6d390000 - 0x00007fff6d3ab000 	C:\WINDOWS\System32\profapi.dll
0x0000000059bb0000 - 0x0000000059bca000 	C:\Program Files\Java\jre1.8.0_171\bin\net.dll
0x00007fff6cc20000 - 0x00007fff6cc86000 	C:\WINDOWS\system32\mswsock.dll
0x00007fff6cdf0000 - 0x00007fff6ce07000 	C:\WINDOWS\SYSTEM32\CRYPTSP.dll
0x00007fff6c820000 - 0x00007fff6c853000 	C:\WINDOWS\system32\rsaenh.dll
0x00007fff6cef0000 - 0x00007fff6cf15000 	C:\WINDOWS\SYSTEM32\bcrypt.dll
0x00007fff6d2c0000 - 0x00007fff6d2e9000 	C:\WINDOWS\SYSTEM32\USERENV.dll
0x00007fff6cde0000 - 0x00007fff6cdeb000 	C:\WINDOWS\SYSTEM32\CRYPTBASE.dll
0x00007fff6c9b0000 - 0x00007fff6c9e9000 	C:\WINDOWS\SYSTEM32\IPHLPAPI.DLL
0x00007fff6e510000 - 0x00007fff6e518000 	C:\WINDOWS\System32\NSI.dll
0x00007fff67800000 - 0x00007fff67816000 	C:\WINDOWS\SYSTEM32\dhcpcsvc6.DLL
0x00007fff677e0000 - 0x00007fff677fa000 	C:\WINDOWS\SYSTEM32\dhcpcsvc.DLL
0x0000000059b90000 - 0x0000000059ba1000 	C:\Program Files\Java\jre1.8.0_171\bin\nio.dll
0x0000000059b60000 - 0x0000000059b84000 	C:\Program Files\Java\jre1.8.0_171\bin\sunec.dll

VM Arguments:
jvm_args: -Dfile.encoding=GBK -Xbootclasspath:C:\Program Files\Java\jre1.8.0_171\lib\resources.jar;C:\Program Files\Java\jre1.8.0_171\lib\rt.jar;C:\Program Files\Java\jre1.8.0_171\lib\jsse.jar;C:\Program Files\Java\jre1.8.0_171\lib\jce.jar;C:\Program Files\Java\jre1.8.0_171\lib\charsets.jar;C:\Program Files\Java\jre1.8.0_171\lib\jfr.jar 
java_command: zuoye.java.assetManagement.test.Main
java_class_path (initial): C:\Users\lenovo\Desktop\Fixed Asset Management\bin
Launcher Type: SUN_STANDARD

Environment Variables:
JAVA_HOME=C:\Program Files\java\jdk1.8.0_171
CLASSPATH=.;C:\Program Files\java\jdk1.8.0_171\lib;C:\Program Files\java\jdk1.8.0_171\lib\tools.jar;C:\Microsoft JDBC Driver 6.0 for SQL Server\sqljdbc_6.0\chs\sqljdbc41.jar
PATH=C:/Program Files/Java/jre1.8.0_171/bin/server;C:/Program Files/Java/jre1.8.0_171/bin;C:/Program Files/Java/jre1.8.0_171/lib/amd64;C:\Program Files (x86)\Common Files\Oracle\Java\javapath;C:\Windows\system32;C:\Windows;C:\Windows\System32\Wbem;C:\Windows\System32\WindowsPowerShell\v1.0\;C:\Program Files (x86)\NVIDIA Corporation\PhysX\Common;C:\WINDOWS\system32;C:\WINDOWS;C:\WINDOWS\System32\Wbem;C:\WINDOWS\System32\WindowsPowerShell\v1.0\;"C:\Program Files\java\jdk1.8.0_171\bin;C:\Program Files\java\jdk1.8.0_171\jre\bin;";C:\Program Files\dotnet\;D:\Program Files (x86)\Microsoft SQL Server\100\Tools\Binn\;D:\Program Files\Microsoft SQL Server\100\Tools\Binn\;D:\Program Files\Microsoft SQL Server\100\DTS\Binn\;D:\Program Files (x86)\Microsoft SQL Server\100\Tools\Binn\VSShell\Common7\IDE\;C:\Program Files (x86)\Microsoft Visual Studio 9.0\Common7\IDE\PrivateAssemblies\;D:\Program Files (x86)\Microsoft SQL Server\100\DTS\Binn\;E:\software\mysql\mysql-8.0.11-winx64\bin;C:\Users\lenovo\AppData\Local\Microsoft\WindowsApps;;C:\Users\lenovo\Desktop;
USERNAME=º£±ø
OS=Windows_NT
PROCESSOR_IDENTIFIER=Intel64 Family 6 Model 78 Stepping 3, GenuineIntel



---------------  S Y S T E M  ---------------

OS: Windows 10.0 , 64 bit Build 16299 (10.0.16299.431)

CPU:total 4 (initial active 4) (2 cores per cpu, 2 threads per core) family 6 model 78 stepping 3, cmov, cx8, fxsr, mmx, sse, sse2, sse3, ssse3, sse4.1, sse4.2, popcnt, avx, avx2, aes, clmul, erms, 3dnowpref, lzcnt, ht, tsc, tscinvbit, bmi1, bmi2, adx

Memory: 4k page, physical 8269472k(1349776k free), swap 21376668k(5124k free)

vm_info: Java HotSpot(TM) 64-Bit Server VM (25.171-b11) for windows-amd64 JRE (1.8.0_171-b11), built on Mar 28 2018 16:06:12 by "java_re" with MS VC++ 10.0 (VS2010)

time: Sat Jul 21 15:04:10 2018
elapsed time: 8 seconds (0d 0h 0m 8s)

